<?xml version="1.0" encoding="UTF-8"?>
<!-- Generated by org.testng.reporters.JUnitXMLReporter -->
<testsuite hostname="DESKTOP-DAPEO3T" ignored="0" name="Different testng Feature Test" tests="24" failures="4" timestamp="25 Jun 2018 10:23:41 GMT" time="29.576" errors="0">
  <testcase name="@AfterMethod tearDown" time="0.0" classname="com.test.GoogleTest">
    <failure type="java.lang.NullPointerException">
      <![CDATA[java.lang.NullPointerException
at com.test.GoogleTest.tearDown(GoogleTest.java:55)
... Removed 28 stack frames]]>
    </failure>
  </testcase> <!-- @AfterMethod tearDown -->
  <testcase name="@BeforeMethod setUp" time="0.0" classname="com.test.GoogleTest">
    <skipped/>
  </testcase> <!-- @BeforeMethod setUp -->
  <testcase name="@AfterMethod tearDown" time="0.0" classname="com.test.GoogleTest">
    <skipped/>
  </testcase> <!-- @AfterMethod tearDown -->
  <testcase name="@BeforeMethod setUp" time="0.0" classname="com.test.GoogleTest">
    <skipped/>
  </testcase> <!-- @BeforeMethod setUp -->
  <testcase name="@AfterMethod tearDown" time="0.0" classname="com.test.GoogleTest">
    <skipped/>
  </testcase> <!-- @AfterMethod tearDown -->
  <testcase name="@AfterMethod tearDown" time="0.007" classname="com.test.GoogleTitleTest">
    <failure type="java.lang.NullPointerException">
      <![CDATA[java.lang.NullPointerException
at com.test.GoogleTitleTest.tearDown(GoogleTitleTest.java:52)
... Removed 28 stack frames]]>
    </failure>
  </testcase> <!-- @AfterMethod tearDown -->
  <testcase name="@BeforeMethod setUp" time="0.0" classname="com.test.GoogleTitleTest">
    <skipped/>
  </testcase> <!-- @BeforeMethod setUp -->
  <testcase name="@AfterMethod tearDown" time="0.0" classname="com.test.GoogleTitleTest">
    <skipped/>
  </testcase> <!-- @AfterMethod tearDown -->
  <testcase name="infiniteLoopTest" time="0.033" classname="com.test.ExceptionTimeOut">
    <failure type="org.testng.TestException" message="
Expected exception of type class java.lang.NumberFormatException but got org.testng.internal.thread.ThreadTimeoutException: Method com.test.ExceptionTimeOut.infiniteLoopTest() didn&amp;apos;t finish within the time-out 2">
      <![CDATA[org.testng.TestException: 
at java.io.FileOutputStream.writeBytes(Native Method)
at java.io.FileOutputStream.write(Unknown Source)
at java.io.BufferedOutputStream.flushBuffer(Unknown Source)
at java.io.BufferedOutputStream.flush(Unknown Source)
at java.io.PrintStream.write(Unknown Source)
at sun.nio.cs.StreamEncoder.writeBytes(Unknown Source)
at sun.nio.cs.StreamEncoder.implFlushBuffer(Unknown Source)
at sun.nio.cs.StreamEncoder.flushBuffer(Unknown Source)
at java.io.OutputStreamWriter.flushBuffer(Unknown Source)
at java.io.PrintStream.newLine(Unknown Source)
at java.io.PrintStream.println(Unknown Source)
at com.test.ExceptionTimeOut.infiniteLoopTest(ExceptionTimeOut.java:10)
at java.util.concurrent.Executors$RunnableAdapter.call(Unknown Source)
at java.util.concurrent.FutureTask.run(Unknown Source)
at java.util.concurrent.ThreadPoolExecutor.runWorker(Unknown Source)
at java.util.concurrent.ThreadPoolExecutor$Worker.run(Unknown Source)
at java.lang.Thread.run(Unknown Source)
... Removed 31 stack frames]]>
    </failure>
  </testcase> <!-- infiniteLoopTest -->
  <testcase name="test1" time="0.002" classname="com.test.ExceptionTimeOut"/>
  <testcase name="googleLogoTest" time="0.011" classname="com.test.GoogleTest">
    <failure type="java.lang.NullPointerException">
      <![CDATA[java.lang.NullPointerException
at com.test.GoogleTest.googleLogoTest(GoogleTest.java:40)
... Removed 25 stack frames]]>
    </failure>
  </testcase> <!-- googleLogoTest -->
  <testcase name="googleTitleTest" time="0.0" classname="com.test.GoogleTest">
    <skipped/>
  </testcase> <!-- googleTitleTest -->
  <testcase name="mailLinkTest" time="0.0" classname="com.test.GoogleTest">
    <skipped/>
  </testcase> <!-- mailLinkTest -->
  <testcase name="googleLogoTest" time="0.002" classname="com.test.GoogleTitleTest">
    <failure type="java.lang.NullPointerException">
      <![CDATA[java.lang.NullPointerException
at com.test.GoogleTitleTest.googleLogoTest(GoogleTitleTest.java:42)
... Removed 25 stack frames]]>
    </failure>
  </testcase> <!-- googleLogoTest -->
  <testcase name="googleTitleTest" time="0.0" classname="com.test.GoogleTitleTest">
    <skipped/>
  </testcase> <!-- googleTitleTest -->
  <testcase name="sum" time="0.005" classname="com.test.InvocationCountTest"/>
  <testcase name="sum" time="0.001" classname="com.test.InvocationCountTest"/>
  <testcase name="sum" time="0.005" classname="com.test.InvocationCountTest"/>
  <testcase name="sum" time="0.001" classname="com.test.InvocationCountTest"/>
  <testcase name="sum" time="0.001" classname="com.test.InvocationCountTest"/>
  <testcase name="sum" time="0.001" classname="com.test.InvocationCountTest"/>
  <testcase name="sum" time="0.001" classname="com.test.InvocationCountTest"/>
  <testcase name="sum" time="0.001" classname="com.test.InvocationCountTest"/>
  <testcase name="sum" time="0.009" classname="com.test.InvocationCountTest"/>
  <testcase name="sum" time="0.003" classname="com.test.InvocationCountTest"/>
  <testcase name="googleLogoText" time="0.002" classname="com.test.TestngBasics"/>
  <testcase name="googleTitleTest" time="0.004" classname="com.test.TestngBasics"/>
  <testcase name="searchUrl" time="0.007" classname="com.test.TestngBasics"/>
  <testcase name="loginTest" time="0.015" classname="com.test.TestNgFeatures">
    <failure type="java.lang.ArithmeticException" message="/ by zero">
      <![CDATA[java.lang.ArithmeticException: / by zero
at com.test.TestNgFeatures.loginTest(TestNgFeatures.java:10)
... Removed 25 stack frames]]>
    </failure>
  </testcase> <!-- loginTest -->
  <testcase name="HomePageTest" time="0.0" classname="com.test.TestNgFeatures">
    <skipped/>
  </testcase> <!-- HomePageTest -->
  <testcase name="RegPageTest" time="0.0" classname="com.test.TestNgFeatures">
    <skipped/>
  </testcase> <!-- RegPageTest -->
  <testcase name="SearchPageTest" time="0.0" classname="com.test.TestNgFeatures">
    <skipped/>
  </testcase> <!-- SearchPageTest -->
</testsuite> <!-- Different testng Feature Test -->
